<?xml version="1.0" encoding="UTF-8"?>
<!-- Generated by org.testng.reporters.JUnitReportReporter -->
<testsuite hostname="DESKTOP-8BL3MIG" failures="0" tests="1" name="testCases.TC002_LoginTest" time="2.438" errors="0" timestamp="2024-12-18T16:10:01 PKT" skipped="0">
  <testcase classname="testCases.TC002_LoginTest" name="verify_login" time="2.438"/>
</testsuite> <!-- testCases.TC002_LoginTest -->
