<?xml version="1.0" encoding="UTF-8"?>
<!-- Generated by org.testng.reporters.JUnitReportReporter -->
<testsuite hostname="DESKTOP-8BL3MIG" failures="0" tests="1" name="testCases.TC001_AccountRegistrationTest" time="10.294" errors="0" timestamp="2024-12-18T16:10:01 PKT" skipped="0">
  <testcase classname="testCases.TC001_AccountRegistrationTest" name="verify_account_registration" time="10.294"/>
</testsuite> <!-- testCases.TC001_AccountRegistrationTest -->
